{"level":"info","message":"Socket.IO initialized","service":"sakhi-backend","timestamp":"2026-04-11 12:24:08"}
{"level":"info","message":"Server running on port 5000","service":"sakhi-backend","timestamp":"2026-04-11 12:24:08"}
{"level":"info","message":"Environment: development","service":"sakhi-backend","timestamp":"2026-04-11 12:24:08"}
{"code":"ECONNREFUSED","level":"error","message":"Redis Client Error:","service":"sakhi-backend","stack":"AggregateError [ECONNREFUSED]: \n    at internalConnectMultiple (node:net:1142:49)\n    at afterConnectMultiple (node:net:1723:7)","timestamp":"2026-04-11 12:24:08"}
{"code":"ECONNREFUSED","level":"error","message":"Redis Client Error:","service":"sakhi-backend","stack":"AggregateError [ECONNREFUSED]: \n    at internalConnectMultiple (node:net:1142:49)\n    at afterConnectMultiple (node:net:1723:7)","timestamp":"2026-04-11 12:24:08"}
{"code":"ECONNREFUSED","level":"error","message":"Redis Client Error:","service":"sakhi-backend","stack":"AggregateError [ECONNREFUSED]: \n    at internalConnectMultiple (node:net:1142:49)\n    at afterConnectMultiple (node:net:1723:7)","timestamp":"2026-04-11 12:24:09"}
{"code":"ECONNREFUSED","level":"error","message":"Redis Client Error:","service":"sakhi-backend","stack":"AggregateError [ECONNREFUSED]: \n    at internalConnectMultiple (node:net:1142:49)\n    at afterConnectMultiple (node:net:1723:7)","timestamp":"2026-04-11 12:24:09"}
{"code":"ECONNREFUSED","level":"error","message":"Redis Client Error:","service":"sakhi-backend","stack":"AggregateError [ECONNREFUSED]: \n    at internalConnectMultiple (node:net:1142:49)\n    at afterConnectMultiple (node:net:1723:7)","timestamp":"2026-04-11 12:24:09"}
{"code":"ECONNREFUSED","level":"error","message":"Redis Client Error:","service":"sakhi-backend","stack":"AggregateError [ECONNREFUSED]: \n    at internalConnectMultiple (node:net:1142:49)\n    at afterConnectMultiple (node:net:1723:7)","timestamp":"2026-04-11 12:24:09"}
{"code":"ECONNREFUSED","level":"error","message":"Redis Client Error:","service":"sakhi-backend","stack":"AggregateError [ECONNREFUSED]: \n    at internalConnectMultiple (node:net:1142:49)\n    at afterConnectMultiple (node:net:1723:7)","timestamp":"2026-04-11 12:24:09"}
{"code":"ECONNREFUSED","level":"error","message":"Redis Client Error:","service":"sakhi-backend","stack":"AggregateError [ECONNREFUSED]: \n    at internalConnectMultiple (node:net:1142:49)\n    at afterConnectMultiple (node:net:1723:7)","timestamp":"2026-04-11 12:24:10"}
{"code":"ECONNREFUSED","level":"error","message":"Redis Client Error:","service":"sakhi-backend","stack":"AggregateError [ECONNREFUSED]: \n    at internalConnectMultiple (node:net:1142:49)\n    at afterConnectMultiple (node:net:1723:7)","timestamp":"2026-04-11 12:24:10"}
{"code":"ECONNREFUSED","level":"error","message":"Redis Client Error:","service":"sakhi-backend","stack":"AggregateError [ECONNREFUSED]: \n    at internalConnectMultiple (node:net:1142:49)\n    at afterConnectMultiple (node:net:1723:7)","timestamp":"2026-04-11 12:24:10"}
{"code":"ECONNREFUSED","level":"error","message":"Redis Client Error:","service":"sakhi-backend","stack":"AggregateError [ECONNREFUSED]: \n    at internalConnectMultiple (node:net:1142:49)\n    at afterConnectMultiple (node:net:1723:7)","timestamp":"2026-04-11 12:24:11"}
{"code":"ECONNREFUSED","level":"error","message":"Redis Client Error:","service":"sakhi-backend","stack":"AggregateError [ECONNREFUSED]: \n    at internalConnectMultiple (node:net:1142:49)\n    at afterConnectMultiple (node:net:1723:7)","timestamp":"2026-04-11 12:24:11"}
{"code":"ECONNREFUSED","level":"error","message":"Redis Client Error:","service":"sakhi-backend","stack":"AggregateError [ECONNREFUSED]: \n    at internalConnectMultiple (node:net:1142:49)\n    at afterConnectMultiple (node:net:1723:7)","timestamp":"2026-04-11 12:24:12"}
{"code":"ECONNREFUSED","level":"error","message":"Redis Client Error:","service":"sakhi-backend","stack":"AggregateError [ECONNREFUSED]: \n    at internalConnectMultiple (node:net:1142:49)\n    at afterConnectMultiple (node:net:1723:7)","timestamp":"2026-04-11 12:24:12"}
{"code":"ECONNREFUSED","level":"error","message":"Redis Client Error:","service":"sakhi-backend","stack":"AggregateError [ECONNREFUSED]: \n    at internalConnectMultiple (node:net:1142:49)\n    at afterConnectMultiple (node:net:1723:7)","timestamp":"2026-04-11 12:24:13"}
{"code":"ECONNREFUSED","level":"error","message":"Redis Client Error:","service":"sakhi-backend","stack":"AggregateError [ECONNREFUSED]: \n    at internalConnectMultiple (node:net:1142:49)\n    at afterConnectMultiple (node:net:1723:7)","timestamp":"2026-04-11 12:24:13"}
{"level":"error","message":"connect ECONNREFUSED ::1:27017, connect ECONNREFUSED 127.0.0.1:27017","reason":{"commonWireVersion":0,"compatible":true,"heartbeatFrequencyMS":10000,"localThresholdMS":15,"logicalSessionTimeoutMinutes":null,"maxElectionId":null,"maxSetVersion":null,"servers":{},"setName":null,"stale":false,"type":"Unknown"},"service":"sakhi-backend","stack":"MongooseServerSelectionError: connect ECONNREFUSED ::1:27017, connect ECONNREFUSED 127.0.0.1:27017\n    at _handleConnectionErrors (C:\\Users\\DELL\\Downloads\\main projects\\women safety projects\\backend\\node_modules\\mongoose\\lib\\connection.js:816:11)\n    at NativeConnection.openUri (C:\\Users\\DELL\\Downloads\\main projects\\women safety projects\\backend\\node_modules\\mongoose\\lib\\connection.js:791:11)\n    at async connectDB (C:\\Users\\DELL\\Downloads\\main projects\\women safety projects\\backend\\src\\config\\database.js:6:22)","timestamp":"2026-04-11 12:24:14"}
{"level":"info","message":"Socket.IO initialized","service":"sakhi-backend","timestamp":"2026-04-11 12:24:55"}
{"level":"info","message":"Server running on port 5000","service":"sakhi-backend","timestamp":"2026-04-11 12:24:55"}
{"level":"info","message":"Environment: development","service":"sakhi-backend","timestamp":"2026-04-11 12:24:55"}
{"code":"ECONNREFUSED","level":"error","message":"Redis Client Error:","service":"sakhi-backend","stack":"AggregateError [ECONNREFUSED]: \n    at internalConnectMultiple (node:net:1142:49)\n    at afterConnectMultiple (node:net:1723:7)","timestamp":"2026-04-11 12:24:55"}
{"code":"ECONNREFUSED","level":"error","message":"Redis Client Error:","service":"sakhi-backend","stack":"AggregateError [ECONNREFUSED]: \n    at internalConnectMultiple (node:net:1142:49)\n    at afterConnectMultiple (node:net:1723:7)","timestamp":"2026-04-11 12:24:55"}
{"code":"ECONNREFUSED","level":"error","message":"Redis Client Error:","service":"sakhi-backend","stack":"AggregateError [ECONNREFUSED]: \n    at internalConnectMultiple (node:net:1142:49)\n    at afterConnectMultiple (node:net:1723:7)","timestamp":"2026-04-11 12:24:55"}
{"code":"ECONNREFUSED","level":"error","message":"Redis Client Error:","service":"sakhi-backend","stack":"AggregateError [ECONNREFUSED]: \n    at internalConnectMultiple (node:net:1142:49)\n    at afterConnectMultiple (node:net:1723:7)","timestamp":"2026-04-11 12:24:56"}
{"code":"ECONNREFUSED","level":"error","message":"Redis Client Error:","service":"sakhi-backend","stack":"AggregateError [ECONNREFUSED]: \n    at internalConnectMultiple (node:net:1142:49)\n    at afterConnectMultiple (node:net:1723:7)","timestamp":"2026-04-11 12:24:56"}
{"code":"ECONNREFUSED","level":"error","message":"Redis Client Error:","service":"sakhi-backend","stack":"AggregateError [ECONNREFUSED]: \n    at internalConnectMultiple (node:net:1142:49)\n    at afterConnectMultiple (node:net:1723:7)","timestamp":"2026-04-11 12:24:56"}
{"code":"ECONNREFUSED","level":"error","message":"Redis Client Error:","service":"sakhi-backend","stack":"AggregateError [ECONNREFUSED]: \n    at internalConnectMultiple (node:net:1142:49)\n    at afterConnectMultiple (node:net:1723:7)","timestamp":"2026-04-11 12:24:56"}
{"code":"ECONNREFUSED","level":"error","message":"Redis Client Error:","service":"sakhi-backend","stack":"AggregateError [ECONNREFUSED]: \n    at internalConnectMultiple (node:net:1142:49)\n    at afterConnectMultiple (node:net:1723:7)","timestamp":"2026-04-11 12:24:57"}
{"code":"ECONNREFUSED","level":"error","message":"Redis Client Error:","service":"sakhi-backend","stack":"AggregateError [ECONNREFUSED]: \n    at internalConnectMultiple (node:net:1142:49)\n    at afterConnectMultiple (node:net:1723:7)","timestamp":"2026-04-11 12:24:57"}
{"code":"ECONNREFUSED","level":"error","message":"Redis Client Error:","service":"sakhi-backend","stack":"AggregateError [ECONNREFUSED]: \n    at internalConnectMultiple (node:net:1142:49)\n    at afterConnectMultiple (node:net:1723:7)","timestamp":"2026-04-11 12:24:57"}
{"code":"ECONNREFUSED","level":"error","message":"Redis Client Error:","service":"sakhi-backend","stack":"AggregateError [ECONNREFUSED]: \n    at internalConnectMultiple (node:net:1142:49)\n    at afterConnectMultiple (node:net:1723:7)","timestamp":"2026-04-11 12:24:58"}
{"code":"ECONNREFUSED","level":"error","message":"Redis Client Error:","service":"sakhi-backend","stack":"AggregateError [ECONNREFUSED]: \n    at internalConnectMultiple (node:net:1142:49)\n    at afterConnectMultiple (node:net:1723:7)","timestamp":"2026-04-11 12:24:58"}
{"code":"ECONNREFUSED","level":"error","message":"Redis Client Error:","service":"sakhi-backend","stack":"AggregateError [ECONNREFUSED]: \n    at internalConnectMultiple (node:net:1142:49)\n    at afterConnectMultiple (node:net:1723:7)","timestamp":"2026-04-11 12:24:59"}
{"code":"ECONNREFUSED","level":"error","message":"Redis Client Error:","service":"sakhi-backend","stack":"AggregateError [ECONNREFUSED]: \n    at internalConnectMultiple (node:net:1142:49)\n    at afterConnectMultiple (node:net:1723:7)","timestamp":"2026-04-11 12:24:59"}
{"code":"ECONNREFUSED","level":"error","message":"Redis Client Error:","service":"sakhi-backend","stack":"AggregateError [ECONNREFUSED]: \n    at internalConnectMultiple (node:net:1142:49)\n    at afterConnectMultiple (node:net:1723:7)","timestamp":"2026-04-11 12:25:00"}
{"code":"ECONNREFUSED","level":"error","message":"Redis Client Error:","service":"sakhi-backend","stack":"AggregateError [ECONNREFUSED]: \n    at internalConnectMultiple (node:net:1142:49)\n    at afterConnectMultiple (node:net:1723:7)","timestamp":"2026-04-11 12:25:00"}
{"level":"error","message":"connect ECONNREFUSED ::1:27017, connect ECONNREFUSED 127.0.0.1:27017","reason":{"commonWireVersion":0,"compatible":true,"heartbeatFrequencyMS":10000,"localThresholdMS":15,"logicalSessionTimeoutMinutes":null,"maxElectionId":null,"maxSetVersion":null,"servers":{},"setName":null,"stale":false,"type":"Unknown"},"service":"sakhi-backend","stack":"MongooseServerSelectionError: connect ECONNREFUSED ::1:27017, connect ECONNREFUSED 127.0.0.1:27017\n    at _handleConnectionErrors (C:\\Users\\DELL\\Downloads\\main projects\\women safety projects\\backend\\node_modules\\mongoose\\lib\\connection.js:816:11)\n    at NativeConnection.openUri (C:\\Users\\DELL\\Downloads\\main projects\\women safety projects\\backend\\node_modules\\mongoose\\lib\\connection.js:791:11)\n    at async connectDB (C:\\Users\\DELL\\Downloads\\main projects\\women safety projects\\backend\\src\\config\\database.js:6:22)","timestamp":"2026-04-11 12:25:00"}
{"level":"info","message":"Socket.IO initialized","service":"sakhi-backend","timestamp":"2026-04-11 12:25:20"}
{"level":"info","message":"Server running on port 5000","service":"sakhi-backend","timestamp":"2026-04-11 12:25:20"}
{"level":"info","message":"Environment: development","service":"sakhi-backend","timestamp":"2026-04-11 12:25:20"}
{"code":"ECONNREFUSED","level":"error","message":"Redis Client Error:","service":"sakhi-backend","stack":"AggregateError [ECONNREFUSED]: \n    at internalConnectMultiple (node:net:1142:49)\n    at afterConnectMultiple (node:net:1723:7)","timestamp":"2026-04-11 12:25:20"}
{"code":"ECONNREFUSED","level":"error","message":"Redis Client Error:","service":"sakhi-backend","stack":"AggregateError [ECONNREFUSED]: \n    at internalConnectMultiple (node:net:1142:49)\n    at afterConnectMultiple (node:net:1723:7)","timestamp":"2026-04-11 12:25:20"}
{"code":"ECONNREFUSED","level":"error","message":"Redis Client Error:","service":"sakhi-backend","stack":"AggregateError [ECONNREFUSED]: \n    at internalConnectMultiple (node:net:1142:49)\n    at afterConnectMultiple (node:net:1723:7)","timestamp":"2026-04-11 12:25:20"}
{"code":"ECONNREFUSED","level":"error","message":"Redis Client Error:","service":"sakhi-backend","stack":"AggregateError [ECONNREFUSED]: \n    at internalConnectMultiple (node:net:1142:49)\n    at afterConnectMultiple (node:net:1723:7)","timestamp":"2026-04-11 12:25:20"}
{"code":"ECONNREFUSED","level":"error","message":"Redis Client Error:","service":"sakhi-backend","stack":"AggregateError [ECONNREFUSED]: \n    at internalConnectMultiple (node:net:1142:49)\n    at afterConnectMultiple (node:net:1723:7)","timestamp":"2026-04-11 12:25:20"}
{"code":"ECONNREFUSED","level":"error","message":"Redis Client Error:","service":"sakhi-backend","stack":"AggregateError [ECONNREFUSED]: \n    at internalConnectMultiple (node:net:1142:49)\n    at afterConnectMultiple (node:net:1723:7)","timestamp":"2026-04-11 12:25:20"}
{"code":"ECONNREFUSED","level":"error","message":"Redis Client Error:","service":"sakhi-backend","stack":"AggregateError [ECONNREFUSED]: \n    at internalConnectMultiple (node:net:1142:49)\n    at afterConnectMultiple (node:net:1723:7)","timestamp":"2026-04-11 12:25:21"}
{"code":"ECONNREFUSED","level":"error","message":"Redis Client Error:","service":"sakhi-backend","stack":"AggregateError [ECONNREFUSED]: \n    at internalConnectMultiple (node:net:1142:49)\n    at afterConnectMultiple (node:net:1723:7)","timestamp":"2026-04-11 12:25:21"}
{"code":"ECONNREFUSED","level":"error","message":"Redis Client Error:","service":"sakhi-backend","stack":"AggregateError [ECONNREFUSED]: \n    at internalConnectMultiple (node:net:1142:49)\n    at afterConnectMultiple (node:net:1723:7)","timestamp":"2026-04-11 12:25:21"}
{"code":"ECONNREFUSED","level":"error","message":"Redis Client Error:","service":"sakhi-backend","stack":"AggregateError [ECONNREFUSED]: \n    at internalConnectMultiple (node:net:1142:49)\n    at afterConnectMultiple (node:net:1723:7)","timestamp":"2026-04-11 12:25:22"}
{"code":"ECONNREFUSED","level":"error","message":"Redis Client Error:","service":"sakhi-backend","stack":"AggregateError [ECONNREFUSED]: \n    at internalConnectMultiple (node:net:1142:49)\n    at afterConnectMultiple (node:net:1723:7)","timestamp":"2026-04-11 12:25:22"}
{"code":"ECONNREFUSED","level":"error","message":"Redis Client Error:","service":"sakhi-backend","stack":"AggregateError [ECONNREFUSED]: \n    at internalConnectMultiple (node:net:1142:49)\n    at afterConnectMultiple (node:net:1723:7)","timestamp":"2026-04-11 12:25:23"}
{"code":"ECONNREFUSED","level":"error","message":"Redis Client Error:","service":"sakhi-backend","stack":"AggregateError [ECONNREFUSED]: \n    at internalConnectMultiple (node:net:1142:49)\n    at afterConnectMultiple (node:net:1723:7)","timestamp":"2026-04-11 12:25:23"}
{"code":"ECONNREFUSED","level":"error","message":"Redis Client Error:","service":"sakhi-backend","stack":"AggregateError [ECONNREFUSED]: \n    at internalConnectMultiple (node:net:1142:49)\n    at afterConnectMultiple (node:net:1723:7)","timestamp":"2026-04-11 12:25:24"}
{"code":"ECONNREFUSED","level":"error","message":"Redis Client Error:","service":"sakhi-backend","stack":"AggregateError [ECONNREFUSED]: \n    at internalConnectMultiple (node:net:1142:49)\n    at afterConnectMultiple (node:net:1723:7)","timestamp":"2026-04-11 12:25:24"}
{"code":"ECONNREFUSED","level":"error","message":"Redis Client Error:","service":"sakhi-backend","stack":"AggregateError [ECONNREFUSED]: \n    at internalConnectMultiple (node:net:1142:49)\n    at afterConnectMultiple (node:net:1723:7)","timestamp":"2026-04-11 12:25:25"}
{"level":"error","message":"connect ECONNREFUSED ::1:27017, connect ECONNREFUSED 127.0.0.1:27017","reason":{"commonWireVersion":0,"compatible":true,"heartbeatFrequencyMS":10000,"localThresholdMS":15,"logicalSessionTimeoutMinutes":null,"maxElectionId":null,"maxSetVersion":null,"servers":{},"setName":null,"stale":false,"type":"Unknown"},"service":"sakhi-backend","stack":"MongooseServerSelectionError: connect ECONNREFUSED ::1:27017, connect ECONNREFUSED 127.0.0.1:27017\n    at _handleConnectionErrors (C:\\Users\\DELL\\Downloads\\main projects\\women safety projects\\backend\\node_modules\\mongoose\\lib\\connection.js:816:11)\n    at NativeConnection.openUri (C:\\Users\\DELL\\Downloads\\main projects\\women safety projects\\backend\\node_modules\\mongoose\\lib\\connection.js:791:11)\n    at async connectDB (C:\\Users\\DELL\\Downloads\\main projects\\women safety projects\\backend\\src\\config\\database.js:6:22)","timestamp":"2026-04-11 12:25:25"}
{"level":"info","message":"Socket.IO initialized","service":"sakhi-backend","timestamp":"2026-04-11 12:25:49"}
{"level":"info","message":"Server running on port 5000","service":"sakhi-backend","timestamp":"2026-04-11 12:25:49"}
{"level":"info","message":"Environment: development","service":"sakhi-backend","timestamp":"2026-04-11 12:25:49"}
{"code":"ECONNREFUSED","level":"error","message":"Redis Client Error:","service":"sakhi-backend","stack":"AggregateError [ECONNREFUSED]: \n    at internalConnectMultiple (node:net:1142:49)\n    at afterConnectMultiple (node:net:1723:7)","timestamp":"2026-04-11 12:25:49"}
{"code":"ECONNREFUSED","level":"error","message":"Redis Client Error:","service":"sakhi-backend","stack":"AggregateError [ECONNREFUSED]: \n    at internalConnectMultiple (node:net:1142:49)\n    at afterConnectMultiple (node:net:1723:7)","timestamp":"2026-04-11 12:25:49"}
{"code":"ECONNREFUSED","level":"error","message":"Redis Client Error:","service":"sakhi-backend","stack":"AggregateError [ECONNREFUSED]: \n    at internalConnectMultiple (node:net:1142:49)\n    at afterConnectMultiple (node:net:1723:7)","timestamp":"2026-04-11 12:25:49"}
{"code":"ECONNREFUSED","level":"error","message":"Redis Client Error:","service":"sakhi-backend","stack":"AggregateError [ECONNREFUSED]: \n    at internalConnectMultiple (node:net:1142:49)\n    at afterConnectMultiple (node:net:1723:7)","timestamp":"2026-04-11 12:25:49"}
{"code":"ECONNREFUSED","level":"error","message":"Redis Client Error:","service":"sakhi-backend","stack":"AggregateError [ECONNREFUSED]: \n    at internalConnectMultiple (node:net:1142:49)\n    at afterConnectMultiple (node:net:1723:7)","timestamp":"2026-04-11 12:25:50"}
{"code":"ECONNREFUSED","level":"error","message":"Redis Client Error:","service":"sakhi-backend","stack":"AggregateError [ECONNREFUSED]: \n    at internalConnectMultiple (node:net:1142:49)\n    at afterConnectMultiple (node:net:1723:7)","timestamp":"2026-04-11 12:25:50"}
{"code":"ECONNREFUSED","level":"error","message":"Redis Client Error:","service":"sakhi-backend","stack":"AggregateError [ECONNREFUSED]: \n    at internalConnectMultiple (node:net:1142:49)\n    at afterConnectMultiple (node:net:1723:7)","timestamp":"2026-04-11 12:25:50"}
{"code":"ECONNREFUSED","level":"error","message":"Redis Client Error:","service":"sakhi-backend","stack":"AggregateError [ECONNREFUSED]: \n    at internalConnectMultiple (node:net:1142:49)\n    at afterConnectMultiple (node:net:1723:7)","timestamp":"2026-04-11 12:25:50"}
{"code":"ECONNREFUSED","level":"error","message":"Redis Client Error:","service":"sakhi-backend","stack":"AggregateError [ECONNREFUSED]: \n    at internalConnectMultiple (node:net:1142:49)\n    at afterConnectMultiple (node:net:1723:7)","timestamp":"2026-04-11 12:25:51"}
{"code":"ECONNREFUSED","level":"error","message":"Redis Client Error:","service":"sakhi-backend","stack":"AggregateError [ECONNREFUSED]: \n    at internalConnectMultiple (node:net:1142:49)\n    at afterConnectMultiple (node:net:1723:7)","timestamp":"2026-04-11 12:25:51"}
{"code":"ECONNREFUSED","level":"error","message":"Redis Client Error:","service":"sakhi-backend","stack":"AggregateError [ECONNREFUSED]: \n    at internalConnectMultiple (node:net:1142:49)\n    at afterConnectMultiple (node:net:1723:7)","timestamp":"2026-04-11 12:25:52"}
{"code":"ECONNREFUSED","level":"error","message":"Redis Client Error:","service":"sakhi-backend","stack":"AggregateError [ECONNREFUSED]: \n    at internalConnectMultiple (node:net:1142:49)\n    at afterConnectMultiple (node:net:1723:7)","timestamp":"2026-04-11 12:25:52"}
{"code":"ECONNREFUSED","level":"error","message":"Redis Client Error:","service":"sakhi-backend","stack":"AggregateError [ECONNREFUSED]: \n    at internalConnectMultiple (node:net:1142:49)\n    at afterConnectMultiple (node:net:1723:7)","timestamp":"2026-04-11 12:25:53"}
{"code":"ECONNREFUSED","level":"error","message":"Redis Client Error:","service":"sakhi-backend","stack":"AggregateError [ECONNREFUSED]: \n    at internalConnectMultiple (node:net:1142:49)\n    at afterConnectMultiple (node:net:1723:7)","timestamp":"2026-04-11 12:25:53"}
{"code":"ECONNREFUSED","level":"error","message":"Redis Client Error:","service":"sakhi-backend","stack":"AggregateError [ECONNREFUSED]: \n    at internalConnectMultiple (node:net:1142:49)\n    at afterConnectMultiple (node:net:1723:7)","timestamp":"2026-04-11 12:25:54"}
{"code":"ECONNREFUSED","level":"error","message":"Redis Client Error:","service":"sakhi-backend","stack":"AggregateError [ECONNREFUSED]: \n    at internalConnectMultiple (node:net:1142:49)\n    at afterConnectMultiple (node:net:1723:7)","timestamp":"2026-04-11 12:25:54"}
{"level":"error","message":"connect ECONNREFUSED ::1:27017, connect ECONNREFUSED 127.0.0.1:27017","reason":{"commonWireVersion":0,"compatible":true,"heartbeatFrequencyMS":10000,"localThresholdMS":15,"logicalSessionTimeoutMinutes":null,"maxElectionId":null,"maxSetVersion":null,"servers":{},"setName":null,"stale":false,"type":"Unknown"},"service":"sakhi-backend","stack":"MongooseServerSelectionError: connect ECONNREFUSED ::1:27017, connect ECONNREFUSED 127.0.0.1:27017\n    at _handleConnectionErrors (C:\\Users\\DELL\\Downloads\\main projects\\women safety projects\\backend\\node_modules\\mongoose\\lib\\connection.js:816:11)\n    at NativeConnection.openUri (C:\\Users\\DELL\\Downloads\\main projects\\women safety projects\\backend\\node_modules\\mongoose\\lib\\connection.js:791:11)\n    at async connectDB (C:\\Users\\DELL\\Downloads\\main projects\\women safety projects\\backend\\src\\config\\database.js:6:22)","timestamp":"2026-04-11 12:25:54"}
{"level":"info","message":"Socket.IO initialized","service":"sakhi-backend","timestamp":"2026-04-11 12:27:04"}
{"level":"info","message":"Server running on port 5000","service":"sakhi-backend","timestamp":"2026-04-11 12:27:04"}
{"level":"info","message":"Environment: development","service":"sakhi-backend","timestamp":"2026-04-11 12:27:04"}
{"code":"ECONNREFUSED","level":"error","message":"Redis Client Error:","service":"sakhi-backend","stack":"AggregateError [ECONNREFUSED]: \n    at internalConnectMultiple (node:net:1142:49)\n    at afterConnectMultiple (node:net:1723:7)","timestamp":"2026-04-11 12:27:04"}
{"code":"ECONNREFUSED","level":"error","message":"Redis Client Error:","service":"sakhi-backend","stack":"AggregateError [ECONNREFUSED]: \n    at internalConnectMultiple (node:net:1142:49)\n    at afterConnectMultiple (node:net:1723:7)","timestamp":"2026-04-11 12:27:04"}
{"code":"ECONNREFUSED","level":"error","message":"Redis Client Error:","service":"sakhi-backend","stack":"AggregateError [ECONNREFUSED]: \n    at internalConnectMultiple (node:net:1142:49)\n    at afterConnectMultiple (node:net:1723:7)","timestamp":"2026-04-11 12:27:04"}
{"code":"ECONNREFUSED","level":"error","message":"Redis Client Error:","service":"sakhi-backend","stack":"AggregateError [ECONNREFUSED]: \n    at internalConnectMultiple (node:net:1142:49)\n    at afterConnectMultiple (node:net:1723:7)","timestamp":"2026-04-11 12:27:04"}
{"code":"ECONNREFUSED","level":"error","message":"Redis Client Error:","service":"sakhi-backend","stack":"AggregateError [ECONNREFUSED]: \n    at internalConnectMultiple (node:net:1142:49)\n    at afterConnectMultiple (node:net:1723:7)","timestamp":"2026-04-11 12:27:05"}
{"code":"ECONNREFUSED","level":"error","message":"Redis Client Error:","service":"sakhi-backend","stack":"AggregateError [ECONNREFUSED]: \n    at internalConnectMultiple (node:net:1142:49)\n    at afterConnectMultiple (node:net:1723:7)","timestamp":"2026-04-11 12:27:05"}
{"code":"ECONNREFUSED","level":"error","message":"Redis Client Error:","service":"sakhi-backend","stack":"AggregateError [ECONNREFUSED]: \n    at internalConnectMultiple (node:net:1142:49)\n    at afterConnectMultiple (node:net:1723:7)","timestamp":"2026-04-11 12:27:05"}
{"code":"ECONNREFUSED","level":"error","message":"Redis Client Error:","service":"sakhi-backend","stack":"AggregateError [ECONNREFUSED]: \n    at internalConnectMultiple (node:net:1142:49)\n    at afterConnectMultiple (node:net:1723:7)","timestamp":"2026-04-11 12:27:05"}
{"code":"ECONNREFUSED","level":"error","message":"Redis Client Error:","service":"sakhi-backend","stack":"AggregateError [ECONNREFUSED]: \n    at internalConnectMultiple (node:net:1142:49)\n    at afterConnectMultiple (node:net:1723:7)","timestamp":"2026-04-11 12:27:06"}
{"code":"ECONNREFUSED","level":"error","message":"Redis Client Error:","service":"sakhi-backend","stack":"AggregateError [ECONNREFUSED]: \n    at internalConnectMultiple (node:net:1142:49)\n    at afterConnectMultiple (node:net:1723:7)","timestamp":"2026-04-11 12:27:06"}
{"code":"ECONNREFUSED","level":"error","message":"Redis Client Error:","service":"sakhi-backend","stack":"AggregateError [ECONNREFUSED]: \n    at internalConnectMultiple (node:net:1142:49)\n    at afterConnectMultiple (node:net:1723:7)","timestamp":"2026-04-11 12:27:07"}
{"code":"ECONNREFUSED","level":"error","message":"Redis Client Error:","service":"sakhi-backend","stack":"AggregateError [ECONNREFUSED]: \n    at internalConnectMultiple (node:net:1142:49)\n    at afterConnectMultiple (node:net:1723:7)","timestamp":"2026-04-11 12:27:07"}
{"code":"ECONNREFUSED","level":"error","message":"Redis Client Error:","service":"sakhi-backend","stack":"AggregateError [ECONNREFUSED]: \n    at internalConnectMultiple (node:net:1142:49)\n    at afterConnectMultiple (node:net:1723:7)","timestamp":"2026-04-11 12:27:08"}
{"code":"ECONNREFUSED","level":"error","message":"Redis Client Error:","service":"sakhi-backend","stack":"AggregateError [ECONNREFUSED]: \n    at internalConnectMultiple (node:net:1142:49)\n    at afterConnectMultiple (node:net:1723:7)","timestamp":"2026-04-11 12:27:08"}
{"code":"ECONNREFUSED","level":"error","message":"Redis Client Error:","service":"sakhi-backend","stack":"AggregateError [ECONNREFUSED]: \n    at internalConnectMultiple (node:net:1142:49)\n    at afterConnectMultiple (node:net:1723:7)","timestamp":"2026-04-11 12:27:09"}
{"code":"ECONNREFUSED","level":"error","message":"Redis Client Error:","service":"sakhi-backend","stack":"AggregateError [ECONNREFUSED]: \n    at internalConnectMultiple (node:net:1142:49)\n    at afterConnectMultiple (node:net:1723:7)","timestamp":"2026-04-11 12:27:09"}
{"level":"error","message":"connect ECONNREFUSED ::1:27017, connect ECONNREFUSED 127.0.0.1:27017","reason":{"commonWireVersion":0,"compatible":true,"heartbeatFrequencyMS":10000,"localThresholdMS":15,"logicalSessionTimeoutMinutes":null,"maxElectionId":null,"maxSetVersion":null,"servers":{},"setName":null,"stale":false,"type":"Unknown"},"service":"sakhi-backend","stack":"MongooseServerSelectionError: connect ECONNREFUSED ::1:27017, connect ECONNREFUSED 127.0.0.1:27017\n    at _handleConnectionErrors (C:\\Users\\DELL\\Downloads\\main projects\\women safety projects\\backend\\node_modules\\mongoose\\lib\\connection.js:816:11)\n    at NativeConnection.openUri (C:\\Users\\DELL\\Downloads\\main projects\\women safety projects\\backend\\node_modules\\mongoose\\lib\\connection.js:791:11)\n    at async connectDB (C:\\Users\\DELL\\Downloads\\main projects\\women safety projects\\backend\\src\\config\\database.js:6:22)","timestamp":"2026-04-11 12:27:09"}
{"level":"info","message":"Socket.IO initialized","service":"sakhi-backend","timestamp":"2026-04-11 12:30:59"}
{"level":"info","message":"Server running on port 5000","service":"sakhi-backend","timestamp":"2026-04-11 12:30:59"}
{"level":"info","message":"Environment: development","service":"sakhi-backend","timestamp":"2026-04-11 12:30:59"}
{"level":"warn","message":"Redis not available - using in-memory storage","service":"sakhi-backend","timestamp":"2026-04-11 12:30:59"}
{"level":"warn","message":"MongoDB not available - using in-memory storage","service":"sakhi-backend","timestamp":"2026-04-11 12:31:04"}
{"level":"info","message":"Socket.IO initialized","service":"sakhi-backend","timestamp":"2026-04-11 12:32:35"}
{"level":"info","message":"Server running on port 5000","service":"sakhi-backend","timestamp":"2026-04-11 12:32:35"}
{"level":"info","message":"Environment: development","service":"sakhi-backend","timestamp":"2026-04-11 12:32:35"}
{"level":"warn","message":"Redis not available - using in-memory storage","service":"sakhi-backend","timestamp":"2026-04-11 12:32:35"}
{"level":"warn","message":"MongoDB not available - using in-memory storage","service":"sakhi-backend","timestamp":"2026-04-11 12:32:40"}
{"level":"info","message":"Socket.IO initialized","service":"sakhi-backend","timestamp":"2026-04-11 12:38:10"}
{"level":"info","message":"Server running on port 5000","service":"sakhi-backend","timestamp":"2026-04-11 12:38:10"}
{"level":"info","message":"Environment: development","service":"sakhi-backend","timestamp":"2026-04-11 12:38:10"}
{"level":"warn","message":"Redis not available - using in-memory storage","service":"sakhi-backend","timestamp":"2026-04-11 12:38:10"}
{"level":"warn","message":"MongoDB not available - using in-memory storage","service":"sakhi-backend","timestamp":"2026-04-11 12:38:15"}
{"level":"info","message":"Socket.IO initialized","service":"sakhi-backend","timestamp":"2026-04-11 13:50:25"}
{"level":"info","message":"Server running on port 5000","service":"sakhi-backend","timestamp":"2026-04-11 13:50:25"}
{"level":"info","message":"Environment: development","service":"sakhi-backend","timestamp":"2026-04-11 13:50:25"}
{"level":"warn","message":"Redis not available - using in-memory storage","service":"sakhi-backend","timestamp":"2026-04-11 13:50:25"}
{"level":"warn","message":"MongoDB not available - using in-memory storage","service":"sakhi-backend","timestamp":"2026-04-11 13:50:30"}
{"level":"warn","message":"⚠️ Firebase: No valid project ID found. Push notifications disabled.","service":"sakhi-backend","timestamp":"2026-04-11 13:58:37"}
{"level":"info","message":"💡 To enable Firebase: Set FIREBASE_PROJECT_ID in .env file","service":"sakhi-backend","timestamp":"2026-04-11 13:58:37"}
{"level":"info","message":"Socket.IO initialized","service":"sakhi-backend","timestamp":"2026-04-11 13:58:37"}
{"level":"info","message":"Server running on port 5000","service":"sakhi-backend","timestamp":"2026-04-11 13:58:37"}
{"level":"info","message":"Environment: development","service":"sakhi-backend","timestamp":"2026-04-11 13:58:37"}
{"level":"warn","message":"Redis not available - using in-memory storage","service":"sakhi-backend","timestamp":"2026-04-11 13:58:37"}
{"level":"warn","message":"MongoDB not available - using in-memory storage","service":"sakhi-backend","timestamp":"2026-04-11 13:58:42"}
{"level":"warn","message":"⚠️ Firebase: No valid project ID found. Push notifications disabled.","service":"sakhi-backend","timestamp":"2026-04-11 14:00:59"}
{"level":"info","message":"💡 To enable Firebase: Set FIREBASE_PROJECT_ID in .env file","service":"sakhi-backend","timestamp":"2026-04-11 14:00:59"}
{"level":"info","message":"Socket.IO initialized","service":"sakhi-backend","timestamp":"2026-04-11 14:00:59"}
{"level":"info","message":"Server running on port 5000","service":"sakhi-backend","timestamp":"2026-04-11 14:00:59"}
{"level":"info","message":"Environment: development","service":"sakhi-backend","timestamp":"2026-04-11 14:00:59"}
{"level":"warn","message":"Redis not available - using in-memory storage","service":"sakhi-backend","timestamp":"2026-04-11 14:00:59"}
{"level":"warn","message":"MongoDB not available - using in-memory storage","service":"sakhi-backend","timestamp":"2026-04-11 14:01:04"}
{"level":"warn","message":"⚠️ Firebase: No valid project ID found. Push notifications disabled.","service":"sakhi-backend","timestamp":"2026-04-11 14:07:30"}
{"level":"info","message":"💡 To enable Firebase: Set FIREBASE_PROJECT_ID in .env file","service":"sakhi-backend","timestamp":"2026-04-11 14:07:30"}
{"level":"info","message":"Socket.IO initialized","service":"sakhi-backend","timestamp":"2026-04-11 14:07:30"}
{"level":"info","message":"Server running on port 5000","service":"sakhi-backend","timestamp":"2026-04-11 14:07:30"}
{"level":"info","message":"Environment: development","service":"sakhi-backend","timestamp":"2026-04-11 14:07:30"}
{"level":"warn","message":"Redis not available - using in-memory storage","service":"sakhi-backend","timestamp":"2026-04-11 14:07:30"}
{"level":"warn","message":"MongoDB not available - using in-memory storage","service":"sakhi-backend","timestamp":"2026-04-11 14:07:35"}
{"level":"warn","message":"⚠️ Firebase: No valid project ID found. Push notifications disabled.","service":"sakhi-backend","timestamp":"2026-04-11 14:10:00"}
{"level":"info","message":"💡 To enable Firebase: Set FIREBASE_PROJECT_ID in .env file","service":"sakhi-backend","timestamp":"2026-04-11 14:10:01"}
{"level":"info","message":"Socket.IO initialized","service":"sakhi-backend","timestamp":"2026-04-11 14:10:01"}
{"level":"info","message":"Server running on port 5000","service":"sakhi-backend","timestamp":"2026-04-11 14:10:01"}
{"level":"info","message":"Environment: development","service":"sakhi-backend","timestamp":"2026-04-11 14:10:01"}
{"level":"warn","message":"Redis not available - using in-memory storage","service":"sakhi-backend","timestamp":"2026-04-11 14:10:01"}
{"level":"warn","message":"MongoDB not available - using in-memory storage","service":"sakhi-backend","timestamp":"2026-04-11 14:10:06"}
{"level":"warn","message":"⚠️ Firebase: No valid project ID found. Push notifications disabled.","service":"sakhi-backend","timestamp":"2026-04-11 14:11:47"}
{"level":"info","message":"💡 To enable Firebase: Set FIREBASE_PROJECT_ID in .env file","service":"sakhi-backend","timestamp":"2026-04-11 14:11:47"}
{"level":"info","message":"Socket.IO initialized","service":"sakhi-backend","timestamp":"2026-04-11 14:11:47"}
{"level":"info","message":"Server running on port 5000","service":"sakhi-backend","timestamp":"2026-04-11 14:11:47"}
{"level":"info","message":"Environment: development","service":"sakhi-backend","timestamp":"2026-04-11 14:11:47"}
{"level":"warn","message":"Redis not available - using in-memory storage","service":"sakhi-backend","timestamp":"2026-04-11 14:11:47"}
{"level":"warn","message":"MongoDB not available - using in-memory storage","service":"sakhi-backend","timestamp":"2026-04-11 14:11:52"}
{"level":"warn","message":"⚠️ Firebase: No valid project ID found. Push notifications disabled.","service":"sakhi-backend","timestamp":"2026-04-14 10:35:16"}
{"level":"info","message":"💡 To enable Firebase: Set FIREBASE_PROJECT_ID in .env file","service":"sakhi-backend","timestamp":"2026-04-14 10:35:16"}
{"level":"info","message":"Socket.IO initialized","service":"sakhi-backend","timestamp":"2026-04-14 10:35:16"}
{"level":"info","message":"Server running on port 5000","service":"sakhi-backend","timestamp":"2026-04-14 10:35:16"}
{"level":"info","message":"Environment: development","service":"sakhi-backend","timestamp":"2026-04-14 10:35:16"}
{"level":"warn","message":"Redis not available - using in-memory storage","service":"sakhi-backend","timestamp":"2026-04-14 10:35:16"}
{"level":"warn","message":"MongoDB not available - using in-memory storage","service":"sakhi-backend","timestamp":"2026-04-14 10:35:21"}
